mode: set
github.com/ariebrainware/basis-data-ltt/main.go:50.13,56.16 3 0
github.com/ariebrainware/basis-data-ltt/main.go:56.16,58.3 1 0
github.com/ariebrainware/basis-data-ltt/main.go:59.2,63.16 3 0
github.com/ariebrainware/basis-data-ltt/main.go:63.16,65.3 1 0
github.com/ariebrainware/basis-data-ltt/main.go:66.2,67.16 2 0
github.com/ariebrainware/basis-data-ltt/main.go:67.16,69.3 1 0
github.com/ariebrainware/basis-data-ltt/main.go:72.2,72.44 1 0
github.com/ariebrainware/basis-data-ltt/main.go:72.44,74.3 1 0
github.com/ariebrainware/basis-data-ltt/main.go:77.2,88.34 5 0
github.com/ariebrainware/basis-data-ltt/main.go:88.34,92.3 1 0
github.com/ariebrainware/basis-data-ltt/main.go:95.2,99.2 4 0
github.com/ariebrainware/basis-data-ltt/main.go:99.2,106.3 4 0
github.com/ariebrainware/basis-data-ltt/main.go:106.3,111.4 4 0
github.com/ariebrainware/basis-data-ltt/main.go:114.3,116.3 3 0
github.com/ariebrainware/basis-data-ltt/main.go:116.3,121.4 4 0
github.com/ariebrainware/basis-data-ltt/main.go:124.3,126.3 3 0
github.com/ariebrainware/basis-data-ltt/main.go:126.3,132.4 5 0
github.com/ariebrainware/basis-data-ltt/main.go:135.3,137.3 3 0
github.com/ariebrainware/basis-data-ltt/main.go:137.3,144.4 6 0
github.com/ariebrainware/basis-data-ltt/main.go:148.2,161.12 7 0
github.com/ariebrainware/basis-data-ltt/main.go:161.12,162.77 1 0
github.com/ariebrainware/basis-data-ltt/main.go:162.77,164.4 1 0
github.com/ariebrainware/basis-data-ltt/main.go:167.2,177.42 8 0
github.com/ariebrainware/basis-data-ltt/main.go:177.42,179.3 1 0
github.com/ariebrainware/basis-data-ltt/main.go:182.2,183.16 2 0
github.com/ariebrainware/basis-data-ltt/main.go:183.16,184.39 1 0
github.com/ariebrainware/basis-data-ltt/main.go:184.39,186.4 1 0
github.com/ariebrainware/basis-data-ltt/main.go:187.8,189.3 1 0
github.com/ariebrainware/basis-data-ltt/main.go:191.2,191.31 1 0
github.com/ariebrainware/basis-data-ltt/docs/docs.go:2075.13,2077.2 1 0
github.com/ariebrainware/basis-data-ltt/config/config.go:36.27,37.17 1 0
github.com/ariebrainware/basis-data-ltt/config/config.go:37.17,40.19 2 0
github.com/ariebrainware/basis-data-ltt/config/config.go:40.19,42.4 1 0
github.com/ariebrainware/basis-data-ltt/config/config.go:44.3,45.17 2 0
github.com/ariebrainware/basis-data-ltt/config/config.go:46.16,47.20 1 0
github.com/ariebrainware/basis-data-ltt/config/config.go:48.22,49.25 1 0
github.com/ariebrainware/basis-data-ltt/config/config.go:50.21,52.16 1 0
github.com/ariebrainware/basis-data-ltt/config/config.go:53.11,54.20 1 0
github.com/ariebrainware/basis-data-ltt/config/config.go:57.3,57.20 1 0
github.com/ariebrainware/basis-data-ltt/config/config.go:57.20,58.49 1 0
github.com/ariebrainware/basis-data-ltt/config/config.go:58.49,60.5 1 0
github.com/ariebrainware/basis-data-ltt/config/config.go:63.3,67.45 5 0
github.com/ariebrainware/basis-data-ltt/config/config.go:67.45,69.4 1 0
github.com/ariebrainware/basis-data-ltt/config/config.go:70.3,70.27 1 0
github.com/ariebrainware/basis-data-ltt/config/config.go:70.27,72.4 1 0
github.com/ariebrainware/basis-data-ltt/config/config.go:75.3,86.4 1 0
github.com/ariebrainware/basis-data-ltt/config/config.go:88.2,88.15 1 0
github.com/ariebrainware/basis-data-ltt/config/config.go:92.39,96.26 2 0
github.com/ariebrainware/basis-data-ltt/config/config.go:96.26,99.33 3 0
github.com/ariebrainware/basis-data-ltt/config/config.go:99.33,101.4 1 0
github.com/ariebrainware/basis-data-ltt/config/config.go:101.9,112.4 1 0
github.com/ariebrainware/basis-data-ltt/config/config.go:113.3,114.17 2 0
github.com/ariebrainware/basis-data-ltt/config/config.go:114.17,116.4 1 0
github.com/ariebrainware/basis-data-ltt/config/config.go:118.3,119.17 2 0
github.com/ariebrainware/basis-data-ltt/config/config.go:119.17,121.4 1 0
github.com/ariebrainware/basis-data-ltt/config/config.go:123.3,127.17 4 0
github.com/ariebrainware/basis-data-ltt/config/config.go:130.2,132.32 3 0
github.com/ariebrainware/basis-data-ltt/config/config.go:132.32,134.3 1 0
github.com/ariebrainware/basis-data-ltt/config/config.go:134.8,145.3 1 0
github.com/ariebrainware/basis-data-ltt/config/config.go:147.2,148.16 2 0
github.com/ariebrainware/basis-data-ltt/config/config.go:148.16,150.3 1 0
github.com/ariebrainware/basis-data-ltt/config/config.go:152.2,153.16 2 0
github.com/ariebrainware/basis-data-ltt/config/config.go:153.16,155.3 1 0
github.com/ariebrainware/basis-data-ltt/config/config.go:158.2,162.16 4 0
github.com/ariebrainware/basis-data-ltt/model/role.go:21.35,29.29 2 0
github.com/ariebrainware/basis-data-ltt/model/role.go:29.29,33.17 3 0
github.com/ariebrainware/basis-data-ltt/model/role.go:33.17,34.12 1 0
github.com/ariebrainware/basis-data-ltt/model/role.go:36.3,36.36 1 0
github.com/ariebrainware/basis-data-ltt/model/role.go:36.36,38.4 1 0
github.com/ariebrainware/basis-data-ltt/model/role.go:40.3,40.48 1 0
github.com/ariebrainware/basis-data-ltt/model/role.go:40.48,42.4 1 0
github.com/ariebrainware/basis-data-ltt/model/role.go:44.2,44.12 1 0
github.com/ariebrainware/basis-data-ltt/util/helperfunc.go:27.43,28.23 1 0
github.com/ariebrainware/basis-data-ltt/util/helperfunc.go:28.23,29.13 1 0
github.com/ariebrainware/basis-data-ltt/util/helperfunc.go:29.13,31.4 1 0
github.com/ariebrainware/basis-data-ltt/util/helperfunc.go:33.2,33.14 1 0
github.com/ariebrainware/basis-data-ltt/util/helperfunc.go:37.63,45.2 2 0
github.com/ariebrainware/basis-data-ltt/util/helperfunc.go:48.59,56.2 2 0
github.com/ariebrainware/basis-data-ltt/util/helperfunc.go:59.61,67.2 2 0
github.com/ariebrainware/basis-data-ltt/util/helperfunc.go:70.61,78.2 2 0
github.com/ariebrainware/basis-data-ltt/util/helperfunc.go:81.61,89.2 2 0
github.com/ariebrainware/basis-data-ltt/util/helperfunc.go:92.67,99.2 2 0
github.com/ariebrainware/basis-data-ltt/util/password.go:13.42,15.13 2 0
github.com/ariebrainware/basis-data-ltt/util/password.go:15.13,17.3 1 0
github.com/ariebrainware/basis-data-ltt/util/password.go:18.2,18.14 1 0
github.com/ariebrainware/basis-data-ltt/util/password.go:21.60,26.2 4 0
github.com/ariebrainware/basis-data-ltt/util/password.go:30.34,33.2 2 0
github.com/ariebrainware/basis-data-ltt/middleware/middleware.go:21.64,22.44 1 0
github.com/ariebrainware/basis-data-ltt/middleware/middleware.go:22.44,24.3 1 0
github.com/ariebrainware/basis-data-ltt/middleware/middleware.go:25.2,26.28 2 0
github.com/ariebrainware/basis-data-ltt/middleware/middleware.go:26.28,29.3 2 0
github.com/ariebrainware/basis-data-ltt/middleware/middleware.go:30.2,30.13 1 0
github.com/ariebrainware/basis-data-ltt/middleware/middleware.go:33.37,35.18 2 0
github.com/ariebrainware/basis-data-ltt/middleware/middleware.go:35.18,37.3 1 0
github.com/ariebrainware/basis-data-ltt/middleware/middleware.go:38.2,41.19 3 0
github.com/ariebrainware/basis-data-ltt/middleware/middleware.go:41.19,43.3 1 0
github.com/ariebrainware/basis-data-ltt/middleware/middleware.go:44.2,47.19 3 0
github.com/ariebrainware/basis-data-ltt/middleware/middleware.go:47.19,49.3 1 0
github.com/ariebrainware/basis-data-ltt/middleware/middleware.go:50.2,53.18 3 0
github.com/ariebrainware/basis-data-ltt/middleware/middleware.go:53.18,55.3 1 0
github.com/ariebrainware/basis-data-ltt/middleware/middleware.go:56.2,59.23 3 0
github.com/ariebrainware/basis-data-ltt/middleware/middleware.go:59.23,61.3 1 0
github.com/ariebrainware/basis-data-ltt/middleware/middleware.go:62.2,65.23 3 0
github.com/ariebrainware/basis-data-ltt/middleware/middleware.go:65.23,67.3 1 0
github.com/ariebrainware/basis-data-ltt/middleware/middleware.go:68.2,68.52 1 0
github.com/ariebrainware/basis-data-ltt/middleware/middleware.go:72.39,73.30 1 0
github.com/ariebrainware/basis-data-ltt/middleware/middleware.go:73.30,78.36 2 0
github.com/ariebrainware/basis-data-ltt/middleware/middleware.go:78.36,81.4 2 0
github.com/ariebrainware/basis-data-ltt/middleware/middleware.go:84.3,84.57 1 0
github.com/ariebrainware/basis-data-ltt/middleware/middleware.go:84.57,87.4 2 0
github.com/ariebrainware/basis-data-ltt/middleware/middleware.go:90.3,90.74 1 0
github.com/ariebrainware/basis-data-ltt/middleware/middleware.go:90.74,92.4 1 0
github.com/ariebrainware/basis-data-ltt/middleware/middleware.go:94.3,94.11 1 0
github.com/ariebrainware/basis-data-ltt/middleware/middleware.go:99.54,100.30 1 0
github.com/ariebrainware/basis-data-ltt/middleware/middleware.go:100.30,103.3 2 0
github.com/ariebrainware/basis-data-ltt/middleware/middleware.go:107.37,109.13 2 0
github.com/ariebrainware/basis-data-ltt/middleware/middleware.go:109.13,111.3 1 0
github.com/ariebrainware/basis-data-ltt/middleware/middleware.go:112.2,112.22 1 0
github.com/ariebrainware/basis-data-ltt/middleware/middleware.go:116.45,118.13 2 0
github.com/ariebrainware/basis-data-ltt/middleware/middleware.go:118.13,120.3 1 0
github.com/ariebrainware/basis-data-ltt/middleware/middleware.go:121.2,122.9 2 0
github.com/ariebrainware/basis-data-ltt/middleware/middleware.go:122.9,124.3 1 0
github.com/ariebrainware/basis-data-ltt/middleware/middleware.go:125.2,125.17 1 0
github.com/ariebrainware/basis-data-ltt/middleware/middleware.go:129.47,131.13 2 0
github.com/ariebrainware/basis-data-ltt/middleware/middleware.go:131.13,133.3 1 0
github.com/ariebrainware/basis-data-ltt/middleware/middleware.go:134.2,135.9 2 0
github.com/ariebrainware/basis-data-ltt/middleware/middleware.go:135.9,137.3 1 0
github.com/ariebrainware/basis-data-ltt/middleware/middleware.go:138.2,138.17 1 0
github.com/ariebrainware/basis-data-ltt/middleware/middleware.go:142.58,143.30 1 0
github.com/ariebrainware/basis-data-ltt/middleware/middleware.go:143.30,145.14 2 0
github.com/ariebrainware/basis-data-ltt/middleware/middleware.go:145.14,152.4 3 0
github.com/ariebrainware/basis-data-ltt/middleware/middleware.go:155.3,156.44 2 0
github.com/ariebrainware/basis-data-ltt/middleware/middleware.go:156.44,157.29 1 0
github.com/ariebrainware/basis-data-ltt/middleware/middleware.go:157.29,159.10 2 0
github.com/ariebrainware/basis-data-ltt/middleware/middleware.go:163.3,163.19 1 0
github.com/ariebrainware/basis-data-ltt/middleware/middleware.go:163.19,170.4 3 0
github.com/ariebrainware/basis-data-ltt/middleware/middleware.go:172.3,172.11 1 0
github.com/ariebrainware/basis-data-ltt/middleware/middleware.go:176.43,177.30 1 0
github.com/ariebrainware/basis-data-ltt/middleware/middleware.go:177.30,179.16 2 0
github.com/ariebrainware/basis-data-ltt/middleware/middleware.go:179.16,186.4 3 0
github.com/ariebrainware/basis-data-ltt/middleware/middleware.go:187.3,188.25 2 0
github.com/ariebrainware/basis-data-ltt/middleware/middleware.go:188.25,195.4 3 0
github.com/ariebrainware/basis-data-ltt/middleware/middleware.go:198.3,207.17 3 0
github.com/ariebrainware/basis-data-ltt/middleware/middleware.go:207.17,214.4 3 0
github.com/ariebrainware/basis-data-ltt/middleware/middleware.go:217.3,217.25 1 0
github.com/ariebrainware/basis-data-ltt/middleware/middleware.go:217.25,224.4 3 0
github.com/ariebrainware/basis-data-ltt/middleware/middleware.go:227.3,229.11 3 0
github.com/ariebrainware/basis-data-ltt/endpoint/authentication.go:38.28,41.47 2 1
github.com/ariebrainware/basis-data-ltt/endpoint/authentication.go:41.47,47.3 2 0
github.com/ariebrainware/basis-data-ltt/endpoint/authentication.go:49.2,50.15 2 1
github.com/ariebrainware/basis-data-ltt/endpoint/authentication.go:50.15,56.3 2 0
github.com/ariebrainware/basis-data-ltt/endpoint/authentication.go:58.2,59.24 2 1
github.com/ariebrainware/basis-data-ltt/endpoint/authentication.go:59.24,61.3 1 1
github.com/ariebrainware/basis-data-ltt/endpoint/authentication.go:61.8,67.3 2 0
github.com/ariebrainware/basis-data-ltt/endpoint/authentication.go:70.2,72.35 3 1
github.com/ariebrainware/basis-data-ltt/endpoint/authentication.go:72.35,78.3 2 0
github.com/ariebrainware/basis-data-ltt/endpoint/authentication.go:81.2,83.35 3 1
github.com/ariebrainware/basis-data-ltt/endpoint/authentication.go:83.35,89.3 2 0
github.com/ariebrainware/basis-data-ltt/endpoint/authentication.go:92.2,99.16 3 1
github.com/ariebrainware/basis-data-ltt/endpoint/authentication.go:99.16,105.3 2 0
github.com/ariebrainware/basis-data-ltt/endpoint/authentication.go:108.2,116.50 2 1
github.com/ariebrainware/basis-data-ltt/endpoint/authentication.go:116.50,122.3 2 0
github.com/ariebrainware/basis-data-ltt/endpoint/authentication.go:125.2,128.4 1 1
github.com/ariebrainware/basis-data-ltt/endpoint/authentication.go:144.29,147.24 2 1
github.com/ariebrainware/basis-data-ltt/endpoint/authentication.go:147.24,154.3 3 0
github.com/ariebrainware/basis-data-ltt/endpoint/authentication.go:156.2,157.15 2 1
github.com/ariebrainware/basis-data-ltt/endpoint/authentication.go:157.15,163.3 2 0
github.com/ariebrainware/basis-data-ltt/endpoint/authentication.go:166.2,167.90 2 1
github.com/ariebrainware/basis-data-ltt/endpoint/authentication.go:167.90,173.3 2 0
github.com/ariebrainware/basis-data-ltt/endpoint/authentication.go:176.2,176.91 1 1
github.com/ariebrainware/basis-data-ltt/endpoint/authentication.go:176.91,182.3 2 0
github.com/ariebrainware/basis-data-ltt/endpoint/authentication.go:185.2,187.4 1 1
github.com/ariebrainware/basis-data-ltt/endpoint/authentication.go:208.29,211.47 2 1
github.com/ariebrainware/basis-data-ltt/endpoint/authentication.go:211.47,217.3 2 0
github.com/ariebrainware/basis-data-ltt/endpoint/authentication.go:219.2,220.15 2 1
github.com/ariebrainware/basis-data-ltt/endpoint/authentication.go:220.15,226.3 2 0
github.com/ariebrainware/basis-data-ltt/endpoint/authentication.go:228.2,230.35 3 1
github.com/ariebrainware/basis-data-ltt/endpoint/authentication.go:230.35,232.3 1 1
github.com/ariebrainware/basis-data-ltt/endpoint/authentication.go:234.2,234.37 1 1
github.com/ariebrainware/basis-data-ltt/endpoint/authentication.go:234.37,240.3 2 0
github.com/ariebrainware/basis-data-ltt/endpoint/authentication.go:243.2,244.24 2 1
github.com/ariebrainware/basis-data-ltt/endpoint/authentication.go:244.24,246.3 1 1
github.com/ariebrainware/basis-data-ltt/endpoint/authentication.go:248.2,256.50 2 1
github.com/ariebrainware/basis-data-ltt/endpoint/authentication.go:256.50,262.3 2 0
github.com/ariebrainware/basis-data-ltt/endpoint/authentication.go:265.2,272.16 3 1
github.com/ariebrainware/basis-data-ltt/endpoint/authentication.go:272.16,278.3 2 0
github.com/ariebrainware/basis-data-ltt/endpoint/authentication.go:280.2,283.4 1 1
github.com/ariebrainware/basis-data-ltt/endpoint/disease.go:29.35,34.15 4 0
github.com/ariebrainware/basis-data-ltt/endpoint/disease.go:34.15,40.3 2 0
github.com/ariebrainware/basis-data-ltt/endpoint/disease.go:42.2,43.77 2 0
github.com/ariebrainware/basis-data-ltt/endpoint/disease.go:43.77,49.3 2 0
github.com/ariebrainware/basis-data-ltt/endpoint/disease.go:51.2,54.4 1 0
github.com/ariebrainware/basis-data-ltt/endpoint/disease.go:76.36,80.16 3 0
github.com/ariebrainware/basis-data-ltt/endpoint/disease.go:80.16,86.3 2 0
github.com/ariebrainware/basis-data-ltt/endpoint/disease.go:88.2,89.15 2 0
github.com/ariebrainware/basis-data-ltt/endpoint/disease.go:89.15,95.3 2 0
github.com/ariebrainware/basis-data-ltt/endpoint/disease.go:98.2,99.16 2 0
github.com/ariebrainware/basis-data-ltt/endpoint/disease.go:99.16,105.3 2 0
github.com/ariebrainware/basis-data-ltt/endpoint/disease.go:108.2,109.98 2 0
github.com/ariebrainware/basis-data-ltt/endpoint/disease.go:109.98,115.3 2 0
github.com/ariebrainware/basis-data-ltt/endpoint/disease.go:115.8,115.56 1 0
github.com/ariebrainware/basis-data-ltt/endpoint/disease.go:115.56,121.3 2 0
github.com/ariebrainware/basis-data-ltt/endpoint/disease.go:123.2,127.50 2 0
github.com/ariebrainware/basis-data-ltt/endpoint/disease.go:127.50,133.3 2 0
github.com/ariebrainware/basis-data-ltt/endpoint/disease.go:135.2,138.4 1 0
github.com/ariebrainware/basis-data-ltt/endpoint/disease.go:156.36,158.14 2 0
github.com/ariebrainware/basis-data-ltt/endpoint/disease.go:158.14,164.3 2 0
github.com/ariebrainware/basis-data-ltt/endpoint/disease.go:166.2,169.16 3 0
github.com/ariebrainware/basis-data-ltt/endpoint/disease.go:169.16,175.3 2 0
github.com/ariebrainware/basis-data-ltt/endpoint/disease.go:177.2,178.15 2 0
github.com/ariebrainware/basis-data-ltt/endpoint/disease.go:178.15,184.3 2 0
github.com/ariebrainware/basis-data-ltt/endpoint/disease.go:186.2,187.61 2 0
github.com/ariebrainware/basis-data-ltt/endpoint/disease.go:187.61,193.3 2 0
github.com/ariebrainware/basis-data-ltt/endpoint/disease.go:195.2,195.81 1 0
github.com/ariebrainware/basis-data-ltt/endpoint/disease.go:195.81,201.3 2 0
github.com/ariebrainware/basis-data-ltt/endpoint/disease.go:203.2,206.4 1 0
github.com/ariebrainware/basis-data-ltt/endpoint/disease.go:223.36,225.14 2 0
github.com/ariebrainware/basis-data-ltt/endpoint/disease.go:225.14,231.3 2 0
github.com/ariebrainware/basis-data-ltt/endpoint/disease.go:233.2,234.15 2 0
github.com/ariebrainware/basis-data-ltt/endpoint/disease.go:234.15,240.3 2 0
github.com/ariebrainware/basis-data-ltt/endpoint/disease.go:242.2,243.61 2 0
github.com/ariebrainware/basis-data-ltt/endpoint/disease.go:243.61,249.3 2 0
github.com/ariebrainware/basis-data-ltt/endpoint/disease.go:251.2,251.58 1 0
github.com/ariebrainware/basis-data-ltt/endpoint/disease.go:251.58,257.3 2 0
github.com/ariebrainware/basis-data-ltt/endpoint/disease.go:259.2,262.4 1 0
github.com/ariebrainware/basis-data-ltt/endpoint/disease.go:279.37,281.14 2 0
github.com/ariebrainware/basis-data-ltt/endpoint/disease.go:281.14,287.3 2 0
github.com/ariebrainware/basis-data-ltt/endpoint/disease.go:289.2,290.15 2 0
github.com/ariebrainware/basis-data-ltt/endpoint/disease.go:290.15,296.3 2 0
github.com/ariebrainware/basis-data-ltt/endpoint/disease.go:298.2,299.61 2 0
github.com/ariebrainware/basis-data-ltt/endpoint/disease.go:299.61,305.3 2 0
github.com/ariebrainware/basis-data-ltt/endpoint/disease.go:307.2,310.4 1 0
github.com/ariebrainware/basis-data-ltt/endpoint/patient.go:16.71,23.2 6 0
github.com/ariebrainware/basis-data-ltt/endpoint/patient.go:27.72,28.21 1 0
github.com/ariebrainware/basis-data-ltt/endpoint/patient.go:29.21,30.71 1 0
github.com/ariebrainware/basis-data-ltt/endpoint/patient.go:31.23,32.71 1 0
github.com/ariebrainware/basis-data-ltt/endpoint/patient.go:33.23,34.71 1 0
github.com/ariebrainware/basis-data-ltt/endpoint/patient.go:35.10,37.24 1 0
github.com/ariebrainware/basis-data-ltt/endpoint/patient.go:37.24,39.4 1 0
github.com/ariebrainware/basis-data-ltt/endpoint/patient.go:41.2,41.14 1 0
github.com/ariebrainware/basis-data-ltt/endpoint/patient.go:44.126,49.15 4 0
github.com/ariebrainware/basis-data-ltt/endpoint/patient.go:49.15,51.3 1 0
github.com/ariebrainware/basis-data-ltt/endpoint/patient.go:52.2,52.16 1 0
github.com/ariebrainware/basis-data-ltt/endpoint/patient.go:52.16,54.3 1 0
github.com/ariebrainware/basis-data-ltt/endpoint/patient.go:55.2,55.19 1 0
github.com/ariebrainware/basis-data-ltt/endpoint/patient.go:55.19,57.3 1 0
github.com/ariebrainware/basis-data-ltt/endpoint/patient.go:58.2,60.52 2 0
github.com/ariebrainware/basis-data-ltt/endpoint/patient.go:60.52,62.3 1 0
github.com/ariebrainware/basis-data-ltt/endpoint/patient.go:64.2,65.36 2 0
github.com/ariebrainware/basis-data-ltt/endpoint/patient.go:84.35,88.15 3 0
github.com/ariebrainware/basis-data-ltt/endpoint/patient.go:88.15,94.3 2 0
github.com/ariebrainware/basis-data-ltt/endpoint/patient.go:96.2,97.16 2 0
github.com/ariebrainware/basis-data-ltt/endpoint/patient.go:97.16,103.3 2 0
github.com/ariebrainware/basis-data-ltt/endpoint/patient.go:105.2,108.4 1 0
github.com/ariebrainware/basis-data-ltt/endpoint/patient.go:136.36,140.16 3 1
github.com/ariebrainware/basis-data-ltt/endpoint/patient.go:140.16,146.3 2 0
github.com/ariebrainware/basis-data-ltt/endpoint/patient.go:147.2,147.75 1 1
github.com/ariebrainware/basis-data-ltt/endpoint/patient.go:147.75,153.3 2 0
github.com/ariebrainware/basis-data-ltt/endpoint/patient.go:155.2,156.15 2 1
github.com/ariebrainware/basis-data-ltt/endpoint/patient.go:156.15,162.3 2 0
github.com/ariebrainware/basis-data-ltt/endpoint/patient.go:164.2,167.47 3 1
github.com/ariebrainware/basis-data-ltt/endpoint/patient.go:167.47,169.225 1 1
github.com/ariebrainware/basis-data-ltt/endpoint/patient.go:169.225,170.37 1 1
github.com/ariebrainware/basis-data-ltt/endpoint/patient.go:170.37,172.5 1 0
github.com/ariebrainware/basis-data-ltt/endpoint/patient.go:176.3,181.17 4 1
github.com/ariebrainware/basis-data-ltt/endpoint/patient.go:181.17,182.37 1 0
github.com/ariebrainware/basis-data-ltt/endpoint/patient.go:182.37,184.5 1 0
github.com/ariebrainware/basis-data-ltt/endpoint/patient.go:184.10,186.5 1 0
github.com/ariebrainware/basis-data-ltt/endpoint/patient.go:189.3,190.39 2 1
github.com/ariebrainware/basis-data-ltt/endpoint/patient.go:190.39,192.4 1 0
github.com/ariebrainware/basis-data-ltt/endpoint/patient.go:192.9,199.25 3 1
github.com/ariebrainware/basis-data-ltt/endpoint/patient.go:199.25,201.5 1 0
github.com/ariebrainware/basis-data-ltt/endpoint/patient.go:205.3,205.97 1 1
github.com/ariebrainware/basis-data-ltt/endpoint/patient.go:205.97,207.4 1 0
github.com/ariebrainware/basis-data-ltt/endpoint/patient.go:209.3,209.64 1 1
github.com/ariebrainware/basis-data-ltt/endpoint/patient.go:209.64,210.37 1 1
github.com/ariebrainware/basis-data-ltt/endpoint/patient.go:210.37,212.98 1 0
github.com/ariebrainware/basis-data-ltt/endpoint/patient.go:212.98,214.6 1 0
github.com/ariebrainware/basis-data-ltt/endpoint/patient.go:216.5,221.26 1 0
github.com/ariebrainware/basis-data-ltt/endpoint/patient.go:221.26,223.6 1 0
github.com/ariebrainware/basis-data-ltt/endpoint/patient.go:227.3,239.24 1 1
github.com/ariebrainware/basis-data-ltt/endpoint/patient.go:239.24,241.4 1 0
github.com/ariebrainware/basis-data-ltt/endpoint/patient.go:242.3,242.13 1 1
github.com/ariebrainware/basis-data-ltt/endpoint/patient.go:245.2,245.16 1 1
github.com/ariebrainware/basis-data-ltt/endpoint/patient.go:245.16,251.3 2 0
github.com/ariebrainware/basis-data-ltt/endpoint/patient.go:253.2,256.4 1 1
github.com/ariebrainware/basis-data-ltt/endpoint/patient.go:274.36,276.14 2 0
github.com/ariebrainware/basis-data-ltt/endpoint/patient.go:276.14,282.3 2 0
github.com/ariebrainware/basis-data-ltt/endpoint/patient.go:284.2,285.51 2 0
github.com/ariebrainware/basis-data-ltt/endpoint/patient.go:285.51,291.3 2 0
github.com/ariebrainware/basis-data-ltt/endpoint/patient.go:293.2,294.15 2 0
github.com/ariebrainware/basis-data-ltt/endpoint/patient.go:294.15,300.3 2 0
github.com/ariebrainware/basis-data-ltt/endpoint/patient.go:302.2,303.61 2 0
github.com/ariebrainware/basis-data-ltt/endpoint/patient.go:303.61,309.3 2 0
github.com/ariebrainware/basis-data-ltt/endpoint/patient.go:311.2,311.74 1 0
github.com/ariebrainware/basis-data-ltt/endpoint/patient.go:311.74,317.3 2 0
github.com/ariebrainware/basis-data-ltt/endpoint/patient.go:319.2,322.4 1 0
github.com/ariebrainware/basis-data-ltt/endpoint/patient.go:325.42,328.41 3 1
github.com/ariebrainware/basis-data-ltt/endpoint/patient.go:328.41,330.3 1 1
github.com/ariebrainware/basis-data-ltt/endpoint/patient.go:331.2,331.17 1 1
github.com/ariebrainware/basis-data-ltt/endpoint/patient.go:334.81,336.14 2 0
github.com/ariebrainware/basis-data-ltt/endpoint/patient.go:336.14,342.3 2 0
github.com/ariebrainware/basis-data-ltt/endpoint/patient.go:344.2,345.53 2 0
github.com/ariebrainware/basis-data-ltt/endpoint/patient.go:345.53,351.3 2 0
github.com/ariebrainware/basis-data-ltt/endpoint/patient.go:353.2,353.25 1 0
github.com/ariebrainware/basis-data-ltt/endpoint/patient.go:370.36,372.15 2 0
github.com/ariebrainware/basis-data-ltt/endpoint/patient.go:372.15,378.3 2 0
github.com/ariebrainware/basis-data-ltt/endpoint/patient.go:380.2,381.16 2 0
github.com/ariebrainware/basis-data-ltt/endpoint/patient.go:381.16,383.3 1 0
github.com/ariebrainware/basis-data-ltt/endpoint/patient.go:385.2,385.50 1 0
github.com/ariebrainware/basis-data-ltt/endpoint/patient.go:385.50,391.3 2 0
github.com/ariebrainware/basis-data-ltt/endpoint/patient.go:393.2,395.4 1 0
github.com/ariebrainware/basis-data-ltt/endpoint/patient.go:412.37,414.15 2 0
github.com/ariebrainware/basis-data-ltt/endpoint/patient.go:414.15,420.3 2 0
github.com/ariebrainware/basis-data-ltt/endpoint/patient.go:422.2,423.16 2 0
github.com/ariebrainware/basis-data-ltt/endpoint/patient.go:423.16,425.3 1 0
github.com/ariebrainware/basis-data-ltt/endpoint/patient.go:427.2,430.4 1 0
github.com/ariebrainware/basis-data-ltt/endpoint/therapist.go:13.116,18.15 4 0
github.com/ariebrainware/basis-data-ltt/endpoint/therapist.go:18.15,20.3 1 0
github.com/ariebrainware/basis-data-ltt/endpoint/therapist.go:21.2,21.16 1 0
github.com/ariebrainware/basis-data-ltt/endpoint/therapist.go:21.16,23.3 1 0
github.com/ariebrainware/basis-data-ltt/endpoint/therapist.go:24.2,24.19 1 0
github.com/ariebrainware/basis-data-ltt/endpoint/therapist.go:24.19,26.3 1 0
github.com/ariebrainware/basis-data-ltt/endpoint/therapist.go:27.2,29.53 2 0
github.com/ariebrainware/basis-data-ltt/endpoint/therapist.go:29.53,31.3 1 0
github.com/ariebrainware/basis-data-ltt/endpoint/therapist.go:33.2,34.39 2 0
github.com/ariebrainware/basis-data-ltt/endpoint/therapist.go:53.36,57.15 3 0
github.com/ariebrainware/basis-data-ltt/endpoint/therapist.go:57.15,63.3 2 0
github.com/ariebrainware/basis-data-ltt/endpoint/therapist.go:65.2,66.16 2 0
github.com/ariebrainware/basis-data-ltt/endpoint/therapist.go:66.16,72.3 2 0
github.com/ariebrainware/basis-data-ltt/endpoint/therapist.go:74.2,77.4 1 0
github.com/ariebrainware/basis-data-ltt/endpoint/therapist.go:80.85,82.14 2 0
github.com/ariebrainware/basis-data-ltt/endpoint/therapist.go:82.14,88.3 2 0
github.com/ariebrainware/basis-data-ltt/endpoint/therapist.go:90.2,91.55 2 0
github.com/ariebrainware/basis-data-ltt/endpoint/therapist.go:91.55,97.3 2 0
github.com/ariebrainware/basis-data-ltt/endpoint/therapist.go:99.2,99.27 1 0
github.com/ariebrainware/basis-data-ltt/endpoint/therapist.go:116.39,118.15 2 0
github.com/ariebrainware/basis-data-ltt/endpoint/therapist.go:118.15,124.3 2 0
github.com/ariebrainware/basis-data-ltt/endpoint/therapist.go:126.2,127.16 2 0
github.com/ariebrainware/basis-data-ltt/endpoint/therapist.go:127.16,129.3 1 0
github.com/ariebrainware/basis-data-ltt/endpoint/therapist.go:131.2,134.4 1 0
github.com/ariebrainware/basis-data-ltt/endpoint/therapist.go:151.65,158.52 2 0
github.com/ariebrainware/basis-data-ltt/endpoint/therapist.go:158.52,159.23 1 0
github.com/ariebrainware/basis-data-ltt/endpoint/therapist.go:159.23,161.4 1 0
github.com/ariebrainware/basis-data-ltt/endpoint/therapist.go:163.2,163.12 1 0
github.com/ariebrainware/basis-data-ltt/endpoint/therapist.go:166.73,168.24 2 0
github.com/ariebrainware/basis-data-ltt/endpoint/therapist.go:168.24,170.3 1 0
github.com/ariebrainware/basis-data-ltt/endpoint/therapist.go:172.2,173.48 2 0
github.com/ariebrainware/basis-data-ltt/endpoint/therapist.go:173.48,175.91 1 0
github.com/ariebrainware/basis-data-ltt/endpoint/therapist.go:175.91,177.4 1 0
github.com/ariebrainware/basis-data-ltt/endpoint/therapist.go:179.3,191.24 1 0
github.com/ariebrainware/basis-data-ltt/endpoint/therapist.go:191.24,193.4 1 0
github.com/ariebrainware/basis-data-ltt/endpoint/therapist.go:195.3,200.24 1 0
github.com/ariebrainware/basis-data-ltt/endpoint/therapist.go:200.24,202.4 1 0
github.com/ariebrainware/basis-data-ltt/endpoint/therapist.go:203.3,203.13 1 0
github.com/ariebrainware/basis-data-ltt/endpoint/therapist.go:221.38,224.60 2 0
github.com/ariebrainware/basis-data-ltt/endpoint/therapist.go:224.60,230.3 2 0
github.com/ariebrainware/basis-data-ltt/endpoint/therapist.go:232.2,232.67 1 0
github.com/ariebrainware/basis-data-ltt/endpoint/therapist.go:232.67,238.3 2 0
github.com/ariebrainware/basis-data-ltt/endpoint/therapist.go:240.2,241.15 2 0
github.com/ariebrainware/basis-data-ltt/endpoint/therapist.go:241.15,247.3 2 0
github.com/ariebrainware/basis-data-ltt/endpoint/therapist.go:249.2,249.66 1 0
github.com/ariebrainware/basis-data-ltt/endpoint/therapist.go:249.66,255.3 2 0
github.com/ariebrainware/basis-data-ltt/endpoint/therapist.go:257.2,260.4 1 0
github.com/ariebrainware/basis-data-ltt/endpoint/therapist.go:278.38,280.15 2 0
github.com/ariebrainware/basis-data-ltt/endpoint/therapist.go:280.15,286.3 2 0
github.com/ariebrainware/basis-data-ltt/endpoint/therapist.go:288.2,289.16 2 0
github.com/ariebrainware/basis-data-ltt/endpoint/therapist.go:289.16,291.3 1 0
github.com/ariebrainware/basis-data-ltt/endpoint/therapist.go:293.2,293.26 1 0
github.com/ariebrainware/basis-data-ltt/endpoint/therapist.go:293.26,299.3 2 0
github.com/ariebrainware/basis-data-ltt/endpoint/therapist.go:301.2,301.45 1 0
github.com/ariebrainware/basis-data-ltt/endpoint/therapist.go:319.40,321.15 2 0
github.com/ariebrainware/basis-data-ltt/endpoint/therapist.go:321.15,327.3 2 0
github.com/ariebrainware/basis-data-ltt/endpoint/therapist.go:329.2,329.38 1 0
github.com/ariebrainware/basis-data-ltt/endpoint/therapist.go:332.76,334.16 2 0
github.com/ariebrainware/basis-data-ltt/endpoint/therapist.go:334.16,336.3 1 0
github.com/ariebrainware/basis-data-ltt/endpoint/therapist.go:338.2,338.41 1 0
github.com/ariebrainware/basis-data-ltt/endpoint/therapist.go:338.41,344.3 2 0
github.com/ariebrainware/basis-data-ltt/endpoint/therapist.go:346.2,346.45 1 0
github.com/ariebrainware/basis-data-ltt/endpoint/therapist.go:349.95,350.63 1 0
github.com/ariebrainware/basis-data-ltt/endpoint/therapist.go:350.63,356.3 2 0
github.com/ariebrainware/basis-data-ltt/endpoint/therapist.go:358.2,361.4 1 0
github.com/ariebrainware/basis-data-ltt/endpoint/therapist.go:364.83,366.83 2 0
github.com/ariebrainware/basis-data-ltt/endpoint/therapist.go:366.83,368.3 1 0
github.com/ariebrainware/basis-data-ltt/endpoint/therapist.go:370.2,370.78 1 0
github.com/ariebrainware/basis-data-ltt/endpoint/therapist.go:370.78,372.3 1 0
github.com/ariebrainware/basis-data-ltt/endpoint/therapist.go:374.2,374.12 1 0
github.com/ariebrainware/basis-data-ltt/endpoint/therapist.go:377.79,379.14 2 0
github.com/ariebrainware/basis-data-ltt/endpoint/therapist.go:379.14,385.3 2 0
github.com/ariebrainware/basis-data-ltt/endpoint/therapist.go:387.2,388.53 2 0
github.com/ariebrainware/basis-data-ltt/endpoint/therapist.go:388.53,394.3 2 0
github.com/ariebrainware/basis-data-ltt/endpoint/therapist.go:396.2,396.27 1 0
github.com/ariebrainware/basis-data-ltt/endpoint/therapist.go:413.38,415.14 2 0
github.com/ariebrainware/basis-data-ltt/endpoint/therapist.go:415.14,421.3 2 0
github.com/ariebrainware/basis-data-ltt/endpoint/therapist.go:423.2,424.15 2 0
github.com/ariebrainware/basis-data-ltt/endpoint/therapist.go:424.15,430.3 2 0
github.com/ariebrainware/basis-data-ltt/endpoint/therapist.go:432.2,433.63 2 0
github.com/ariebrainware/basis-data-ltt/endpoint/therapist.go:433.63,439.3 2 0
github.com/ariebrainware/basis-data-ltt/endpoint/therapist.go:441.2,441.60 1 0
github.com/ariebrainware/basis-data-ltt/endpoint/therapist.go:441.60,447.3 2 0
github.com/ariebrainware/basis-data-ltt/endpoint/therapist.go:449.2,452.4 1 0
github.com/ariebrainware/basis-data-ltt/endpoint/token.go:25.36,27.24 2 1
github.com/ariebrainware/basis-data-ltt/endpoint/token.go:27.24,31.3 3 0
github.com/ariebrainware/basis-data-ltt/endpoint/token.go:33.2,34.15 2 1
github.com/ariebrainware/basis-data-ltt/endpoint/token.go:34.15,38.3 3 0
github.com/ariebrainware/basis-data-ltt/endpoint/token.go:41.2,51.16 3 1
github.com/ariebrainware/basis-data-ltt/endpoint/token.go:51.16,55.3 3 1
github.com/ariebrainware/basis-data-ltt/endpoint/token.go:57.2,60.4 1 1
github.com/ariebrainware/basis-data-ltt/endpoint/treatment.go:15.80,16.24 1 0
github.com/ariebrainware/basis-data-ltt/endpoint/treatment.go:16.24,18.3 1 0
github.com/ariebrainware/basis-data-ltt/endpoint/treatment.go:20.2,30.16 3 0
github.com/ariebrainware/basis-data-ltt/endpoint/treatment.go:30.16,32.3 1 0
github.com/ariebrainware/basis-data-ltt/endpoint/treatment.go:33.2,33.22 1 0
github.com/ariebrainware/basis-data-ltt/endpoint/treatment.go:33.22,35.3 1 0
github.com/ariebrainware/basis-data-ltt/endpoint/treatment.go:37.2,37.25 1 0
github.com/ariebrainware/basis-data-ltt/endpoint/treatment.go:40.143,49.15 4 0
github.com/ariebrainware/basis-data-ltt/endpoint/treatment.go:49.15,51.3 1 0
github.com/ariebrainware/basis-data-ltt/endpoint/treatment.go:52.2,52.16 1 0
github.com/ariebrainware/basis-data-ltt/endpoint/treatment.go:52.16,54.3 1 0
github.com/ariebrainware/basis-data-ltt/endpoint/treatment.go:55.2,55.19 1 0
github.com/ariebrainware/basis-data-ltt/endpoint/treatment.go:55.19,58.3 1 0
github.com/ariebrainware/basis-data-ltt/endpoint/treatment.go:58.8,60.3 1 0
github.com/ariebrainware/basis-data-ltt/endpoint/treatment.go:61.2,61.22 1 0
github.com/ariebrainware/basis-data-ltt/endpoint/treatment.go:61.22,63.3 1 0
github.com/ariebrainware/basis-data-ltt/endpoint/treatment.go:64.2,64.23 1 0
github.com/ariebrainware/basis-data-ltt/endpoint/treatment.go:64.23,66.3 1 0
github.com/ariebrainware/basis-data-ltt/endpoint/treatment.go:68.2,68.54 1 0
github.com/ariebrainware/basis-data-ltt/endpoint/treatment.go:68.54,70.3 1 0
github.com/ariebrainware/basis-data-ltt/endpoint/treatment.go:73.2,76.19 2 0
github.com/ariebrainware/basis-data-ltt/endpoint/treatment.go:76.19,78.3 1 0
github.com/ariebrainware/basis-data-ltt/endpoint/treatment.go:79.2,79.22 1 0
github.com/ariebrainware/basis-data-ltt/endpoint/treatment.go:79.22,81.3 1 0
github.com/ariebrainware/basis-data-ltt/endpoint/treatment.go:82.2,82.23 1 0
github.com/ariebrainware/basis-data-ltt/endpoint/treatment.go:82.23,84.3 1 0
github.com/ariebrainware/basis-data-ltt/endpoint/treatment.go:85.2,85.65 1 0
github.com/ariebrainware/basis-data-ltt/endpoint/treatment.go:85.65,87.3 1 0
github.com/ariebrainware/basis-data-ltt/endpoint/treatment.go:89.2,89.41 1 0
github.com/ariebrainware/basis-data-ltt/endpoint/treatment.go:111.37,116.15 4 0
github.com/ariebrainware/basis-data-ltt/endpoint/treatment.go:116.15,122.3 2 0
github.com/ariebrainware/basis-data-ltt/endpoint/treatment.go:125.2,125.23 1 0
github.com/ariebrainware/basis-data-ltt/endpoint/treatment.go:125.23,128.17 3 0
github.com/ariebrainware/basis-data-ltt/endpoint/treatment.go:128.17,130.11 1 0
github.com/ariebrainware/basis-data-ltt/endpoint/treatment.go:131.65,135.7 1 0
github.com/ariebrainware/basis-data-ltt/endpoint/treatment.go:136.60,140.7 1 0
github.com/ariebrainware/basis-data-ltt/endpoint/treatment.go:141.57,145.7 1 0
github.com/ariebrainware/basis-data-ltt/endpoint/treatment.go:146.62,150.7 1 0
github.com/ariebrainware/basis-data-ltt/endpoint/treatment.go:151.12,155.7 1 0
github.com/ariebrainware/basis-data-ltt/endpoint/treatment.go:157.4,157.10 1 0
github.com/ariebrainware/basis-data-ltt/endpoint/treatment.go:159.3,159.40 1 0
github.com/ariebrainware/basis-data-ltt/endpoint/treatment.go:162.2,163.16 2 0
github.com/ariebrainware/basis-data-ltt/endpoint/treatment.go:163.16,169.3 2 0
github.com/ariebrainware/basis-data-ltt/endpoint/treatment.go:171.2,174.4 1 0
github.com/ariebrainware/basis-data-ltt/endpoint/treatment.go:191.38,193.66 2 0
github.com/ariebrainware/basis-data-ltt/endpoint/treatment.go:193.66,199.3 2 0
github.com/ariebrainware/basis-data-ltt/endpoint/treatment.go:201.2,202.15 2 0
github.com/ariebrainware/basis-data-ltt/endpoint/treatment.go:202.15,208.3 2 0
github.com/ariebrainware/basis-data-ltt/endpoint/treatment.go:210.2,211.182 2 0
github.com/ariebrainware/basis-data-ltt/endpoint/treatment.go:211.182,217.3 2 0
github.com/ariebrainware/basis-data-ltt/endpoint/treatment.go:219.2,227.23 1 0
github.com/ariebrainware/basis-data-ltt/endpoint/treatment.go:227.23,233.3 2 0
github.com/ariebrainware/basis-data-ltt/endpoint/treatment.go:235.2,238.4 1 0
github.com/ariebrainware/basis-data-ltt/endpoint/treatment.go:256.38,258.23 2 0
github.com/ariebrainware/basis-data-ltt/endpoint/treatment.go:258.23,264.3 2 0
github.com/ariebrainware/basis-data-ltt/endpoint/treatment.go:266.2,267.53 2 0
github.com/ariebrainware/basis-data-ltt/endpoint/treatment.go:267.53,273.3 2 0
github.com/ariebrainware/basis-data-ltt/endpoint/treatment.go:275.2,276.15 2 0
github.com/ariebrainware/basis-data-ltt/endpoint/treatment.go:276.15,282.3 2 0
github.com/ariebrainware/basis-data-ltt/endpoint/treatment.go:284.2,285.72 2 0
github.com/ariebrainware/basis-data-ltt/endpoint/treatment.go:285.72,291.3 2 0
github.com/ariebrainware/basis-data-ltt/endpoint/treatment.go:293.2,293.78 1 0
github.com/ariebrainware/basis-data-ltt/endpoint/treatment.go:293.78,299.3 2 0
github.com/ariebrainware/basis-data-ltt/endpoint/treatment.go:301.2,304.4 1 0
github.com/ariebrainware/basis-data-ltt/endpoint/treatment.go:321.38,323.23 2 0
github.com/ariebrainware/basis-data-ltt/endpoint/treatment.go:323.23,329.3 2 0
github.com/ariebrainware/basis-data-ltt/endpoint/treatment.go:331.2,332.15 2 0
github.com/ariebrainware/basis-data-ltt/endpoint/treatment.go:332.15,338.3 2 0
github.com/ariebrainware/basis-data-ltt/endpoint/treatment.go:340.2,341.72 2 0
github.com/ariebrainware/basis-data-ltt/endpoint/treatment.go:341.72,347.3 2 0
github.com/ariebrainware/basis-data-ltt/endpoint/treatment.go:349.2,349.60 1 0
github.com/ariebrainware/basis-data-ltt/endpoint/treatment.go:349.60,355.3 2 0
github.com/ariebrainware/basis-data-ltt/endpoint/treatment.go:357.2,360.4 1 0
